<?xml version="1.0" encoding="UTF-8"?>
<!-- Generated by org.testng.reporters.JUnitXMLReporter -->
<testsuite hostname="CLDmamanrique01" ignored="3" name="Command line test" tests="1" failures="0" timestamp="21 Nov 2018 16:10:11 GMT" time="81.09" errors="0">
  <testcase name="newPolicy" time="42.4" classname="testCases.TestCases"/>
  <testcase name="newAssignee" time="0.0" classname="testCases.TestCases">
    <ignored/>
  </testcase> <!-- newAssignee -->
  <testcase name="newAssigneeAssignment" time="0.0" classname="testCases.TestCases">
    <ignored/>
  </testcase> <!-- newAssigneeAssignment -->
  <testcase name="newAssigneeAssignmentPolicy" time="0.0" classname="testCases.TestCases">
    <ignored/>
  </testcase> <!-- newAssigneeAssignmentPolicy -->
</testsuite> <!-- Command line test -->
