<?xml version="1.0" encoding="UTF-8"?>
<!-- Generated by org.testng.reporters.JUnitXMLReporter -->
<testsuite hostname="CLDmamanrique01" ignored="5" name="Command line test" tests="1" failures="0" timestamp="05 Dec 2018 12:35:07 GMT" time="44.097" errors="0">
  <testcase name="newCompImport" time="37.289" classname="testCases.TestCases"/>
  <testcase name="importLegacy" time="0.0" classname="testCases.TestCases">
    <ignored/>
  </testcase> <!-- importLegacy -->
  <testcase name="newAssignee" time="0.0" classname="testCases.TestCases">
    <ignored/>
  </testcase> <!-- newAssignee -->
  <testcase name="newPolicy" time="0.0" classname="testCases.TestCases">
    <ignored/>
  </testcase> <!-- newPolicy -->
  <testcase name="newAssigneeAssignment" time="0.0" classname="testCases.TestCases">
    <ignored/>
  </testcase> <!-- newAssigneeAssignment -->
  <testcase name="newAssigneeAssignmentPolicy" time="0.0" classname="testCases.TestCases">
    <ignored/>
  </testcase> <!-- newAssigneeAssignmentPolicy -->
</testsuite> <!-- Command line test -->
