<?xml version="1.0" encoding="UTF-8"?>
<!-- Generated by org.testng.reporters.JUnitXMLReporter -->
<testsuite hostname="CLDmamanrique01" ignored="3" name="Command line test" tests="10" failures="0" timestamp="21 Nov 2018 12:51:39 GMT" time="512.701" errors="0">
  <testcase name="newPolicies" time="42.659" classname="testCases.TestsDataDriven"/>
  <testcase name="newPolicies" time="43.179" classname="testCases.TestsDataDriven"/>
  <testcase name="newPolicies" time="43.442" classname="testCases.TestsDataDriven"/>
  <testcase name="newPolicies" time="44.252" classname="testCases.TestsDataDriven"/>
  <testcase name="newPolicies" time="44.157" classname="testCases.TestsDataDriven"/>
  <testcase name="newPolicies" time="42.148" classname="testCases.TestsDataDriven"/>
  <testcase name="newPolicies" time="42.382" classname="testCases.TestsDataDriven"/>
  <testcase name="newPolicies" time="41.894" classname="testCases.TestsDataDriven"/>
  <testcase name="newPolicies" time="41.563" classname="testCases.TestsDataDriven"/>
  <testcase name="newPolicies" time="40.691" classname="testCases.TestsDataDriven"/>
  <testcase name="newAssigneeAssignment" time="0.0" classname="testCases.TestsDataDriven">
    <ignored/>
  </testcase> <!-- newAssigneeAssignment -->
  <testcase name="newAssigneeAssignmentPolicy" time="0.0" classname="testCases.TestsDataDriven">
    <ignored/>
  </testcase> <!-- newAssigneeAssignmentPolicy -->
  <testcase name="newAssignee" time="0.0" classname="testCases.TestsDataDriven">
    <ignored/>
  </testcase> <!-- newAssignee -->
</testsuite> <!-- Command line test -->
