<?xml version="1.0" encoding="UTF-8"?>
<!-- Generated by org.testng.reporters.JUnitXMLReporter -->
<testsuite hostname="CLDmamanrique01" ignored="5" name="Command line test" tests="2" failures="0" timestamp="05 Dec 2018 13:24:01 GMT" time="120.354" errors="0">
  <testcase name="newCompImport" time="39.126" classname="testCases.TestsDataDriven"/>
  <testcase name="newCompImport" time="37.344" classname="testCases.TestsDataDriven"/>
  <testcase name="newAssigneeAssignment" time="0.0" classname="testCases.TestsDataDriven">
    <ignored/>
  </testcase> <!-- newAssigneeAssignment -->
  <testcase name="newAssigneeAssignmentPolicy" time="0.0" classname="testCases.TestsDataDriven">
    <ignored/>
  </testcase> <!-- newAssigneeAssignmentPolicy -->
  <testcase name="newAssignee" time="0.0" classname="testCases.TestsDataDriven">
    <ignored/>
  </testcase> <!-- newAssignee -->
  <testcase name="newPolicies" time="0.0" classname="testCases.TestsDataDriven">
    <ignored/>
  </testcase> <!-- newPolicies -->
  <testcase name="compImportLegacy" time="0.0" classname="testCases.TestsDataDriven">
    <ignored/>
  </testcase> <!-- compImportLegacy -->
</testsuite> <!-- Command line test -->
