<?xml version="1.0" encoding="UTF-8" ?>
<testsuite tests="51" failures="3" name="testCases.TestsDataDriven" time="2,878.62" errors="0" skipped="0">
  <properties>
[...]
</properties>
  <testcase classname="testCases.TestsDataDriven" name="newAssigneeAssignmentPolicy" time="65.899"/>
  <testcase classname="testCases.TestsDataDriven" name="newAssigneeAssignmentPolicy" time="57.17"/>
  <testcase classname="testCases.TestsDataDriven" name="newAssigneeAssignmentPolicy" time="54.257"/>
  <testcase classname="testCases.TestsDataDriven" name="newAssigneeAssignmentPolicy" time="56.078"/>
  <testcase classname="testCases.TestsDataDriven" name="newAssigneeAssignmentPolicy" time="54.443"/>
  <testcase classname="testCases.TestsDataDriven" name="newAssigneeAssignmentPolicy" time="56.016"/>
  <testcase classname="testCases.TestsDataDriven" name="newAssigneeAssignmentPolicy" time="58.048"/>
  <testcase classname="testCases.TestsDataDriven" name="newAssigneeAssignmentPolicy" time="53.899"/>
  <testcase classname="testCases.TestsDataDriven" name="newAssigneeAssignmentPolicy" time="59.422"/>
  <testcase classname="testCases.TestsDataDriven" name="newAssigneeAssignmentPolicy" time="58.835"/>
  <testcase classname="testCases.TestsDataDriven" name="newAssigneeAssignmentPolicy" time="64.795"/>
  <testcase classname="testCases.TestsDataDriven" name="newAssigneeAssignmentPolicy" time="54.451"/>
  <testcase classname="testCases.TestsDataDriven" name="newAssigneeAssignmentPolicy" time="36.629">
    <failure message="stale element reference: element is not attached to the page document
  (Session info: chrome=70.0.3538.77)
  (Driver info: chromedriver=2.42.591088 (7b2b2dca23cca0862f674758c9a3933e685c27d5),platform=Windows NT 6.3.9600 x86_64) (WARNING: The server did not provide any stacktrace information)
Command duration or timeout: 0 milliseconds
For documentation on this error, please visit: http://seleniumhq.org/exceptions/stale_element_reference.html
Build info: version: &apos;3.14.0&apos;, revision: &apos;aacccce0&apos;, time: &apos;2018-08-02T20:19:58.91Z&apos;
System info: host: &apos;CLDMAMANRIQUE01&apos;, ip: &apos;10.26.216.77&apos;, os.name: &apos;Windows Server 2012 R2&apos;, os.arch: &apos;amd64&apos;, os.version: &apos;6.3&apos;, java.version: &apos;1.8.0_181&apos;
Driver info: org.openqa.selenium.chrome.ChromeDriver
Capabilities {acceptInsecureCerts: false, acceptSslCerts: false, applicationCacheEnabled: false, browserConnectionEnabled: false, browserName: chrome, chrome: {chromedriverVersion: 2.42.591088 (7b2b2dca23cca0..., userDataDir: C:\Users\mamanrique\AppData...}, cssSelectorsEnabled: true, databaseEnabled: false, goog:chromeOptions: {debuggerAddress: localhost:55925}, handlesAlerts: true, hasTouchScreen: false, javascriptEnabled: true, locationContextEnabled: true, mobileEmulationEnabled: false, nativeEvents: true, networkConnectionEnabled: false, pageLoadStrategy: normal, platform: XP, platformName: XP, rotatable: false, setWindowRect: true, takesHeapSnapshot: true, takesScreenshot: true, unexpectedAlertBehaviour: , unhandledPromptBehavior: , version: 70.0.3538.77, webStorageEnabled: true}
Session ID: 3de223c5c4034c72f583d5f64946bb2e" type="org.openqa.selenium.StaleElementReferenceException">org.openqa.selenium.StaleElementReferenceException: stale element reference: element is not attached to the page document
  (Session info: chrome=70.0.3538.77)
  (Driver info: chromedriver=2.42.591088 (7b2b2dca23cca0862f674758c9a3933e685c27d5),platform=Windows NT 6.3.9600 x86_64) (WARNING: The server did not provide any stacktrace information)
Command duration or timeout: 0 milliseconds
For documentation on this error, please visit: http://seleniumhq.org/exceptions/stale_element_reference.html
Build info: version: &apos;3.14.0&apos;, revision: &apos;aacccce0&apos;, time: &apos;2018-08-02T20:19:58.91Z&apos;
System info: host: &apos;CLDMAMANRIQUE01&apos;, ip: &apos;10.26.216.77&apos;, os.name: &apos;Windows Server 2012 R2&apos;, os.arch: &apos;amd64&apos;, os.version: &apos;6.3&apos;, java.version: &apos;1.8.0_181&apos;
Driver info: org.openqa.selenium.chrome.ChromeDriver
Capabilities {acceptInsecureCerts: false, acceptSslCerts: false, applicationCacheEnabled: false, browserConnectionEnabled: false, browserName: chrome, chrome: {chromedriverVersion: 2.42.591088 (7b2b2dca23cca0..., userDataDir: C:\Users\mamanrique\AppData...}, cssSelectorsEnabled: true, databaseEnabled: false, goog:chromeOptions: {debuggerAddress: localhost:55925}, handlesAlerts: true, hasTouchScreen: false, javascriptEnabled: true, locationContextEnabled: true, mobileEmulationEnabled: false, nativeEvents: true, networkConnectionEnabled: false, pageLoadStrategy: normal, platform: XP, platformName: XP, rotatable: false, setWindowRect: true, takesHeapSnapshot: true, takesScreenshot: true, unexpectedAlertBehaviour: , unhandledPromptBehavior: , version: 70.0.3538.77, webStorageEnabled: true}
Session ID: 3de223c5c4034c72f583d5f64946bb2e
	at sun.reflect.NativeConstructorAccessorImpl.newInstance0(Native Method)
	at sun.reflect.NativeConstructorAccessorImpl.newInstance(NativeConstructorAccessorImpl.java:62)
	at sun.reflect.DelegatingConstructorAccessorImpl.newInstance(DelegatingConstructorAccessorImpl.java:45)
	at java.lang.reflect.Constructor.newInstance(Constructor.java:423)
	at org.openqa.selenium.remote.ErrorHandler.createThrowable(ErrorHandler.java:214)
	at org.openqa.selenium.remote.ErrorHandler.throwIfResponseFailed(ErrorHandler.java:166)
	at org.openqa.selenium.remote.http.JsonHttpResponseCodec.reconstructValue(JsonHttpResponseCodec.java:40)
	at org.openqa.selenium.remote.http.AbstractHttpResponseCodec.decode(AbstractHttpResponseCodec.java:80)
	at org.openqa.selenium.remote.http.AbstractHttpResponseCodec.decode(AbstractHttpResponseCodec.java:44)
	at org.openqa.selenium.remote.HttpCommandExecutor.execute(HttpCommandExecutor.java:158)
	at org.openqa.selenium.remote.service.DriverCommandExecutor.execute(DriverCommandExecutor.java:83)
	at org.openqa.selenium.remote.RemoteWebDriver.execute(RemoteWebDriver.java:548)
	at org.openqa.selenium.remote.RemoteWebElement.execute(RemoteWebElement.java:276)
	at org.openqa.selenium.remote.RemoteWebElement.sendKeys(RemoteWebElement.java:100)
	at pageObjects.PageAssignment.newAssignment(PageAssignment.java:72)
	at testCases.TestsDataDriven.newAssigneeAssignmentPolicy(TestsDataDriven.java:99)
</failure>
    <system-err>Starting ChromeDriver 2.42.591088 (7b2b2dca23cca0862f674758c9a3933e685c27d5) on port 7081
Only local connections are allowed.
Nov 08, 2018 10:14:55 AM org.openqa.selenium.remote.ProtocolHandshake createSession
INFO: Detected dialect: OSS
</system-err>
  </testcase>
  <testcase classname="testCases.TestsDataDriven" name="newAssigneeAssignmentPolicy" time="67.589"/>
  <testcase classname="testCases.TestsDataDriven" name="newAssigneeAssignmentPolicy" time="162.797">
    <failure message="Expected condition failed: waiting for presence of element located by: By.id: ctl00_ctl00_ctl00_ctl00_Main_MainContent_MainContent_MainContent_AddPolicies (tried for 30 second(s) with 500 milliseconds interval)" type="org.openqa.selenium.TimeoutException">org.openqa.selenium.TimeoutException: Expected condition failed: waiting for presence of element located by: By.id: ctl00_ctl00_ctl00_ctl00_Main_MainContent_MainContent_MainContent_AddPolicies (tried for 30 second(s) with 500 milliseconds interval)
	at org.openqa.selenium.support.ui.WebDriverWait.timeoutException(WebDriverWait.java:113)
	at org.openqa.selenium.support.ui.FluentWait.until(FluentWait.java:283)
	at pageObjects.PageAssigneePolicy.newAssigneeAssignmentPolicy(PageAssigneePolicy.java:40)
	at testCases.TestsDataDriven.newAssigneeAssignmentPolicy(TestsDataDriven.java:101)
Caused by: org.openqa.selenium.NoSuchElementException: Cannot locate an element using By.id: ctl00_ctl00_ctl00_ctl00_Main_MainContent_MainContent_MainContent_AddPolicies
For documentation on this error, please visit: http://seleniumhq.org/exceptions/no_such_element.html
Build info: version: &apos;3.14.0&apos;, revision: &apos;aacccce0&apos;, time: &apos;2018-08-02T20:19:58.91Z&apos;
System info: host: &apos;CLDMAMANRIQUE01&apos;, ip: &apos;10.26.216.77&apos;, os.name: &apos;Windows Server 2012 R2&apos;, os.arch: &apos;amd64&apos;, os.version: &apos;6.3&apos;, java.version: &apos;1.8.0_181&apos;
Driver info: driver.version: unknown
	at org.openqa.selenium.support.ui.ExpectedConditions.lambda$findElement$0(ExpectedConditions.java:896)
	at java.util.Optional.orElseThrow(Optional.java:290)
	at org.openqa.selenium.support.ui.ExpectedConditions.findElement(ExpectedConditions.java:895)
	at org.openqa.selenium.support.ui.ExpectedConditions.access$000(ExpectedConditions.java:44)
	at org.openqa.selenium.support.ui.ExpectedConditions$6.apply(ExpectedConditions.java:183)
	at org.openqa.selenium.support.ui.ExpectedConditions$6.apply(ExpectedConditions.java:180)
	at org.openqa.selenium.support.ui.FluentWait.until(FluentWait.java:260)
	... 36 more
</failure>
    <system-err>Starting ChromeDriver 2.42.591088 (7b2b2dca23cca0862f674758c9a3933e685c27d5) on port 43587
Only local connections are allowed.
Nov 08, 2018 10:17:08 AM org.openqa.selenium.remote.ProtocolHandshake createSession
INFO: Detected dialect: OSS
</system-err>
  </testcase>
  <testcase classname="testCases.TestsDataDriven" name="newAssigneeAssignmentPolicy" time="53.263"/>
  <testcase classname="testCases.TestsDataDriven" name="newAssigneeAssignmentPolicy" time="53.553"/>
  <testcase classname="testCases.TestsDataDriven" name="newAssigneeAssignmentPolicy" time="53.512"/>
  <testcase classname="testCases.TestsDataDriven" name="newAssigneeAssignmentPolicy" time="53.198"/>
  <testcase classname="testCases.TestsDataDriven" name="newAssigneeAssignmentPolicy" time="52.351"/>
  <testcase classname="testCases.TestsDataDriven" name="newAssigneeAssignmentPolicy" time="54.302"/>
  <testcase classname="testCases.TestsDataDriven" name="newAssigneeAssignmentPolicy" time="57.146"/>
  <testcase classname="testCases.TestsDataDriven" name="newAssigneeAssignmentPolicy" time="55.784"/>
  <testcase classname="testCases.TestsDataDriven" name="newAssigneeAssignmentPolicy" time="52.274"/>
  <testcase classname="testCases.TestsDataDriven" name="newAssigneeAssignmentPolicy" time="27.98">
    <failure message="stale element reference: element is not attached to the page document
  (Session info: chrome=70.0.3538.77)
  (Driver info: chromedriver=2.42.591088 (7b2b2dca23cca0862f674758c9a3933e685c27d5),platform=Windows NT 6.3.9600 x86_64) (WARNING: The server did not provide any stacktrace information)
Command duration or timeout: 0 milliseconds
For documentation on this error, please visit: http://seleniumhq.org/exceptions/stale_element_reference.html
Build info: version: &apos;3.14.0&apos;, revision: &apos;aacccce0&apos;, time: &apos;2018-08-02T20:19:58.91Z&apos;
System info: host: &apos;CLDMAMANRIQUE01&apos;, ip: &apos;10.26.216.77&apos;, os.name: &apos;Windows Server 2012 R2&apos;, os.arch: &apos;amd64&apos;, os.version: &apos;6.3&apos;, java.version: &apos;1.8.0_181&apos;
Driver info: org.openqa.selenium.chrome.ChromeDriver
Capabilities {acceptInsecureCerts: false, acceptSslCerts: false, applicationCacheEnabled: false, browserConnectionEnabled: false, browserName: chrome, chrome: {chromedriverVersion: 2.42.591088 (7b2b2dca23cca0..., userDataDir: C:\Users\mamanrique\AppData...}, cssSelectorsEnabled: true, databaseEnabled: false, goog:chromeOptions: {debuggerAddress: localhost:58143}, handlesAlerts: true, hasTouchScreen: false, javascriptEnabled: true, locationContextEnabled: true, mobileEmulationEnabled: false, nativeEvents: true, networkConnectionEnabled: false, pageLoadStrategy: normal, platform: XP, platformName: XP, rotatable: false, setWindowRect: true, takesHeapSnapshot: true, takesScreenshot: true, unexpectedAlertBehaviour: , unhandledPromptBehavior: , version: 70.0.3538.77, webStorageEnabled: true}
Session ID: 4c7840f69bd58b2e7f3ad751634d45bb" type="org.openqa.selenium.StaleElementReferenceException">org.openqa.selenium.StaleElementReferenceException: stale element reference: element is not attached to the page document
  (Session info: chrome=70.0.3538.77)
  (Driver info: chromedriver=2.42.591088 (7b2b2dca23cca0862f674758c9a3933e685c27d5),platform=Windows NT 6.3.9600 x86_64) (WARNING: The server did not provide any stacktrace information)
Command duration or timeout: 0 milliseconds
For documentation on this error, please visit: http://seleniumhq.org/exceptions/stale_element_reference.html
Build info: version: &apos;3.14.0&apos;, revision: &apos;aacccce0&apos;, time: &apos;2018-08-02T20:19:58.91Z&apos;
System info: host: &apos;CLDMAMANRIQUE01&apos;, ip: &apos;10.26.216.77&apos;, os.name: &apos;Windows Server 2012 R2&apos;, os.arch: &apos;amd64&apos;, os.version: &apos;6.3&apos;, java.version: &apos;1.8.0_181&apos;
Driver info: org.openqa.selenium.chrome.ChromeDriver
Capabilities {acceptInsecureCerts: false, acceptSslCerts: false, applicationCacheEnabled: false, browserConnectionEnabled: false, browserName: chrome, chrome: {chromedriverVersion: 2.42.591088 (7b2b2dca23cca0..., userDataDir: C:\Users\mamanrique\AppData...}, cssSelectorsEnabled: true, databaseEnabled: false, goog:chromeOptions: {debuggerAddress: localhost:58143}, handlesAlerts: true, hasTouchScreen: false, javascriptEnabled: true, locationContextEnabled: true, mobileEmulationEnabled: false, nativeEvents: true, networkConnectionEnabled: false, pageLoadStrategy: normal, platform: XP, platformName: XP, rotatable: false, setWindowRect: true, takesHeapSnapshot: true, takesScreenshot: true, unexpectedAlertBehaviour: , unhandledPromptBehavior: , version: 70.0.3538.77, webStorageEnabled: true}
Session ID: 4c7840f69bd58b2e7f3ad751634d45bb
	at sun.reflect.NativeConstructorAccessorImpl.newInstance0(Native Method)
	at sun.reflect.NativeConstructorAccessorImpl.newInstance(NativeConstructorAccessorImpl.java:62)
	at sun.reflect.DelegatingConstructorAccessorImpl.newInstance(DelegatingConstructorAccessorImpl.java:45)
	at java.lang.reflect.Constructor.newInstance(Constructor.java:423)
	at org.openqa.selenium.remote.ErrorHandler.createThrowable(ErrorHandler.java:214)
	at org.openqa.selenium.remote.ErrorHandler.throwIfResponseFailed(ErrorHandler.java:166)
	at org.openqa.selenium.remote.http.JsonHttpResponseCodec.reconstructValue(JsonHttpResponseCodec.java:40)
	at org.openqa.selenium.remote.http.AbstractHttpResponseCodec.decode(AbstractHttpResponseCodec.java:80)
	at org.openqa.selenium.remote.http.AbstractHttpResponseCodec.decode(AbstractHttpResponseCodec.java:44)
	at org.openqa.selenium.remote.HttpCommandExecutor.execute(HttpCommandExecutor.java:158)
	at org.openqa.selenium.remote.service.DriverCommandExecutor.execute(DriverCommandExecutor.java:83)
	at org.openqa.selenium.remote.RemoteWebDriver.execute(RemoteWebDriver.java:548)
	at org.openqa.selenium.remote.RemoteWebElement.execute(RemoteWebElement.java:276)
	at org.openqa.selenium.remote.RemoteWebElement.sendKeys(RemoteWebElement.java:100)
	at pageObjects.PageAssignment.newAssignment(PageAssignment.java:76)
	at testCases.TestsDataDriven.newAssigneeAssignmentPolicy(TestsDataDriven.java:99)
</failure>
    <system-err>Starting ChromeDriver 2.42.591088 (7b2b2dca23cca0862f674758c9a3933e685c27d5) on port 4437
Only local connections are allowed.
Nov 08, 2018 10:29:55 AM org.openqa.selenium.remote.ProtocolHandshake createSession
INFO: Detected dialect: OSS
</system-err>
  </testcase>
  <testcase classname="testCases.TestsDataDriven" name="newAssigneeAssignmentPolicy" time="57.229"/>
  <testcase classname="testCases.TestsDataDriven" name="newAssigneeAssignmentPolicy" time="54.929"/>
  <testcase classname="testCases.TestsDataDriven" name="newAssigneeAssignmentPolicy" time="55.196"/>
  <testcase classname="testCases.TestsDataDriven" name="newAssigneeAssignmentPolicy" time="51.451"/>
  <testcase classname="testCases.TestsDataDriven" name="newAssigneeAssignmentPolicy" time="52.031"/>
  <testcase classname="testCases.TestsDataDriven" name="newAssigneeAssignmentPolicy" time="55.638"/>
  <testcase classname="testCases.TestsDataDriven" name="newAssigneeAssignmentPolicy" time="52.327"/>
  <testcase classname="testCases.TestsDataDriven" name="newAssigneeAssignmentPolicy" time="51.158"/>
  <testcase classname="testCases.TestsDataDriven" name="newAssigneeAssignmentPolicy" time="52.258"/>
  <testcase classname="testCases.TestsDataDriven" name="newAssigneeAssignmentPolicy" time="51.393"/>
  <testcase classname="testCases.TestsDataDriven" name="newAssigneeAssignmentPolicy" time="54.542"/>
  <testcase classname="testCases.TestsDataDriven" name="newAssigneeAssignmentPolicy" time="56.255"/>
  <testcase classname="testCases.TestsDataDriven" name="newAssigneeAssignmentPolicy" time="51.583"/>
  <testcase classname="testCases.TestsDataDriven" name="newAssigneeAssignmentPolicy" time="57.806"/>
  <testcase classname="testCases.TestsDataDriven" name="newAssigneeAssignmentPolicy" time="52.66"/>
  <testcase classname="testCases.TestsDataDriven" name="newAssigneeAssignmentPolicy" time="52.943"/>
  <testcase classname="testCases.TestsDataDriven" name="newAssigneeAssignmentPolicy" time="53.775"/>
  <testcase classname="testCases.TestsDataDriven" name="newAssigneeAssignmentPolicy" time="55.249"/>
  <testcase classname="testCases.TestsDataDriven" name="newAssigneeAssignmentPolicy" time="51.697"/>
  <testcase classname="testCases.TestsDataDriven" name="newAssigneeAssignmentPolicy" time="54.886"/>
  <testcase classname="testCases.TestsDataDriven" name="newAssigneeAssignmentPolicy" time="54.321"/>
  <testcase classname="testCases.TestsDataDriven" name="newAssigneeAssignmentPolicy" time="55.557"/>
  <testcase classname="testCases.TestsDataDriven" name="newAssigneeAssignmentPolicy" time="52.192"/>
  <testcase classname="testCases.TestsDataDriven" name="newAssigneeAssignmentPolicy" time="56.262"/>
  <testcase classname="testCases.TestsDataDriven" name="newAssigneeAssignmentPolicy" time="55.118"/>
  <testcase classname="testCases.TestsDataDriven" name="newAssigneeAssignmentPolicy" time="56.473"/>
</testsuite>