<?xml version="1.0" encoding="UTF-8"?>
<testng-results skipped="0" failed="0" ignored="8" total="9" passed="1">
  <reporter-output>
  </reporter-output>
  <suite name="testCases.TestCases" duration-ms="137621" started-at="2018-12-13T15:43:08Z" finished-at="2018-12-13T15:45:26Z">
    <groups>
    </groups>
    <test name="Command line test" duration-ms="137621" started-at="2018-12-13T15:43:08Z" finished-at="2018-12-13T15:45:26Z">
      <class name="testCases.TestCases">
        <test-method status="PASS" signature="setUp()[pri:0, instance:testCases.TestCases@3f2a3a5]" name="setUp" is-config="true" duration-ms="7095" started-at="2018-12-13T15:43:08Z" finished-at="2018-12-13T15:43:15Z">
          <reporter-output>
          </reporter-output>
        </test-method> <!-- setUp -->
        <test-method status="PASS" signature="newPayPolicyTemplate()[pri:0, instance:testCases.TestCases@3f2a3a5]" name="newPayPolicyTemplate" duration-ms="127754" started-at="2018-12-13T15:43:15Z" finished-at="2018-12-13T15:45:23Z">
          <reporter-output>
          </reporter-output>
        </test-method> <!-- newPayPolicyTemplate -->
        <test-method status="PASS" signature="tearDown()[pri:0, instance:testCases.TestCases@3f2a3a5]" name="tearDown" is-config="true" duration-ms="2742" started-at="2018-12-13T15:45:23Z" finished-at="2018-12-13T15:45:26Z">
          <reporter-output>
          </reporter-output>
        </test-method> <!-- tearDown -->
      </class> <!-- testCases.TestCases -->
    </test> <!-- Command line test -->
  </suite> <!-- testCases.TestCases -->
</testng-results>
